mode: set
app/cmd/main.go:11.13,40.16 9 0
app/cmd/main.go:40.16,43.3 2 0
app/cmd/main.go:44.2,49.16 4 0
app/cmd/main.go:49.16,52.3 2 0
app/internal/application/application_default.go:25.82,30.19 2 0
app/internal/application/application_default.go:30.19,31.23 1 0
app/internal/application/application_default.go:31.23,33.4 1 0
app/internal/application/application_default.go:34.3,34.24 1 0
app/internal/application/application_default.go:34.24,36.4 1 0
app/internal/application/application_default.go:39.2,42.3 1 0
app/internal/application/application_default.go:58.50,65.16 5 0
app/internal/application/application_default.go:65.16,68.3 2 0
app/internal/application/application_default.go:70.2,72.16 3 0
app/internal/application/application_default.go:72.16,75.3 2 0
app/internal/application/application_default.go:77.2,99.50 16 0
app/internal/application/application_default.go:99.50,107.3 5 0
app/internal/application/application_default.go:108.2,108.49 1 0
app/internal/application/application_default.go:108.49,114.3 3 0
app/internal/application/application_default.go:115.2,115.49 1 0
app/internal/application/application_default.go:115.49,124.3 4 0
app/internal/application/application_default.go:125.2,125.46 1 0
app/internal/application/application_default.go:125.46,133.3 4 0
app/internal/application/application_default.go:135.2,135.8 1 0
app/internal/application/application_default.go:139.48,143.64 3 0
app/internal/application/application_default.go:143.64,144.13 1 0
app/internal/application/application_default.go:146.2,146.8 1 0
app/internal/service/customer_default.go:5.74,7.2 1 0
app/internal/service/customer_default.go:14.71,17.2 2 0
app/internal/service/customer_default.go:19.65,22.2 2 0
app/internal/service/customer_default.go:24.82,27.2 2 0
app/internal/service/customer_default.go:30.91,33.2 2 0
app/internal/service/customer_default.go:35.90,38.2 2 0
app/internal/service/invoice_default.go:6.71,8.2 1 0
app/internal/service/invoice_default.go:17.69,20.2 2 0
app/internal/service/invoice_default.go:23.63,26.2 2 0
app/internal/service/invoice_default.go:29.80,32.2 2 0
app/internal/service/invoice_default.go:34.53,36.16 2 0
app/internal/service/invoice_default.go:36.16,38.3 1 0
app/internal/service/invoice_default.go:40.2,42.16 2 0
app/internal/service/invoice_default.go:42.16,44.3 1 0
app/internal/service/invoice_default.go:46.2,46.8 1 0
app/internal/service/product_default.go:6.71,8.2 1 0
app/internal/service/product_default.go:17.69,20.2 2 0
app/internal/service/product_default.go:23.63,26.2 2 0
app/internal/service/product_default.go:29.80,32.2 2 0
app/internal/service/sale_default.go:6.62,8.2 1 0
app/internal/service/sale_default.go:17.64,20.2 2 0
app/internal/service/sale_default.go:23.58,26.2 2 0
app/internal/service/sale_default.go:29.75,32.2 2 0
app/internal/service/sale_default.go:34.93,37.2 2 0
app/tests/txdb.go:17.25,18.25 1 0
app/tests/txdb.go:18.25,21.17 2 0
app/tests/txdb.go:21.17,22.36 1 0
app/tests/txdb.go:25.3,36.38 3 0
app/tests/txdb.go:40.27,46.2 3 0
app/tests/txdb.go:48.22,50.2 1 0
app/tests/txdb.go:52.13,54.2 1 0
app/utils/readJson.go:10.50,18.16 4 0
app/utils/readJson.go:18.16,21.3 2 0
app/utils/readJson.go:23.2,25.16 3 0
app/utils/readJson.go:25.16,28.3 2 0
app/utils/readJson.go:29.2,32.20 3 0
app/internal/handler/customer.go:15.71,17.2 1 1
app/internal/handler/customer.go:41.54,42.54 1 0
app/internal/handler/customer.go:42.54,45.17 2 0
app/internal/handler/customer.go:45.17,49.4 3 0
app/internal/handler/customer.go:53.3,54.24 2 0
app/internal/handler/customer.go:54.24,61.4 1 0
app/internal/handler/customer.go:62.3,65.5 1 0
app/internal/handler/customer.go:70.54,71.54 1 0
app/internal/handler/customer.go:71.54,75.17 3 0
app/internal/handler/customer.go:75.17,78.4 2 0
app/internal/handler/customer.go:80.3,89.17 3 0
app/internal/handler/customer.go:89.17,92.4 2 0
app/internal/handler/customer.go:96.3,105.5 2 0
app/internal/handler/customer.go:110.62,111.54 1 0
app/internal/handler/customer.go:111.54,115.17 3 0
app/internal/handler/customer.go:115.17,118.4 1 0
app/internal/handler/customer.go:120.3,121.28 2 0
app/internal/handler/customer.go:121.28,130.4 2 0
app/internal/handler/customer.go:132.3,134.17 2 0
app/internal/handler/customer.go:134.17,137.4 2 0
app/internal/handler/customer.go:139.3,142.5 1 0
app/internal/handler/customer.go:147.67,148.54 1 1
app/internal/handler/customer.go:148.54,152.17 2 1
app/internal/handler/customer.go:152.17,156.4 3 0
app/internal/handler/customer.go:158.3,161.5 1 1
app/internal/handler/customer.go:165.61,166.54 1 1
app/internal/handler/customer.go:166.54,170.17 2 1
app/internal/handler/customer.go:170.17,173.4 2 0
app/internal/handler/customer.go:175.3,178.5 1 1
app/internal/handler/invoice.go:14.68,16.2 1 0
app/internal/handler/invoice.go:33.53,34.54 1 0
app/internal/handler/invoice.go:34.54,40.17 2 0
app/internal/handler/invoice.go:40.17,43.4 2 0
app/internal/handler/invoice.go:47.3,48.24 2 0
app/internal/handler/invoice.go:48.24,55.4 1 0
app/internal/handler/invoice.go:56.3,59.5 1 0
app/internal/handler/invoice.go:71.53,72.54 1 0
app/internal/handler/invoice.go:72.54,77.17 3 0
app/internal/handler/invoice.go:77.17,80.4 2 0
app/internal/handler/invoice.go:84.3,93.17 3 0
app/internal/handler/invoice.go:93.17,96.4 2 0
app/internal/handler/invoice.go:100.3,109.5 2 0
app/internal/handler/invoice.go:114.61,115.54 1 0
app/internal/handler/invoice.go:115.54,119.17 3 0
app/internal/handler/invoice.go:119.17,122.4 1 0
app/internal/handler/invoice.go:124.3,125.27 2 0
app/internal/handler/invoice.go:125.27,134.4 2 0
app/internal/handler/invoice.go:136.3,138.17 2 0
app/internal/handler/invoice.go:138.17,141.4 2 0
app/internal/handler/invoice.go:143.3,146.5 1 0
app/internal/handler/invoice.go:151.58,152.54 1 0
app/internal/handler/invoice.go:152.54,156.17 2 0
app/internal/handler/invoice.go:156.17,159.4 2 0
app/internal/handler/invoice.go:161.3,163.5 1 0
app/internal/handler/product.go:14.68,16.2 1 0
app/internal/handler/product.go:32.53,33.54 1 0
app/internal/handler/product.go:33.54,35.17 2 0
app/internal/handler/product.go:35.17,38.4 2 0
app/internal/handler/product.go:40.3,41.24 2 0
app/internal/handler/product.go:41.24,47.4 1 0
app/internal/handler/product.go:48.3,51.5 1 0
app/internal/handler/product.go:62.53,63.54 1 0
app/internal/handler/product.go:63.54,68.17 3 0
app/internal/handler/product.go:68.17,71.4 2 0
app/internal/handler/product.go:75.3,83.17 3 0
app/internal/handler/product.go:83.17,86.4 2 0
app/internal/handler/product.go:90.3,98.5 2 0
app/internal/handler/product.go:103.61,104.54 1 0
app/internal/handler/product.go:104.54,108.17 3 0
app/internal/handler/product.go:108.17,111.4 1 0
app/internal/handler/product.go:113.3,114.27 2 0
app/internal/handler/product.go:114.27,122.4 2 0
app/internal/handler/product.go:124.3,126.17 2 0
app/internal/handler/product.go:126.17,129.4 2 0
app/internal/handler/product.go:131.3,134.5 1 0
app/internal/handler/sale.go:14.59,16.2 1 0
app/internal/handler/sale.go:33.50,34.54 1 0
app/internal/handler/sale.go:34.54,40.17 2 0
app/internal/handler/sale.go:40.17,43.4 2 0
app/internal/handler/sale.go:47.3,48.24 2 0
app/internal/handler/sale.go:48.24,55.4 1 0
app/internal/handler/sale.go:56.3,59.5 1 0
app/internal/handler/sale.go:71.50,72.54 1 0
app/internal/handler/sale.go:72.54,77.17 3 0
app/internal/handler/sale.go:77.17,80.4 2 0
app/internal/handler/sale.go:84.3,93.17 3 0
app/internal/handler/sale.go:93.17,96.4 2 0
app/internal/handler/sale.go:100.3,109.5 2 0
app/internal/handler/sale.go:114.58,115.54 1 0
app/internal/handler/sale.go:115.54,119.17 3 0
app/internal/handler/sale.go:119.17,122.4 1 0
app/internal/handler/sale.go:124.3,125.23 2 0
app/internal/handler/sale.go:125.23,134.4 2 0
app/internal/handler/sale.go:136.3,138.17 2 0
app/internal/handler/sale.go:138.17,141.4 2 0
app/internal/handler/sale.go:143.3,146.5 1 0
app/internal/handler/sale.go:150.62,151.54 1 0
app/internal/handler/sale.go:151.54,155.17 2 0
app/internal/handler/sale.go:155.17,158.4 2 0
app/internal/handler/sale.go:160.3,163.5 1 0
app/internal/repository/customer_mysql.go:10.52,12.2 1 1
app/internal/repository/customer_mysql.go:21.69,24.16 2 1
app/internal/repository/customer_mysql.go:24.16,26.3 1 0
app/internal/repository/customer_mysql.go:27.2,30.18 2 1
app/internal/repository/customer_mysql.go:30.18,34.17 3 1
app/internal/repository/customer_mysql.go:34.17,36.4 1 0
app/internal/repository/customer_mysql.go:38.3,38.20 1 1
app/internal/repository/customer_mysql.go:40.2,41.16 2 1
app/internal/repository/customer_mysql.go:41.16,43.3 1 0
app/internal/repository/customer_mysql.go:45.2,45.8 1 1
app/internal/repository/customer_mysql.go:49.63,54.16 2 1
app/internal/repository/customer_mysql.go:54.16,56.3 1 0
app/internal/repository/customer_mysql.go:58.2,59.16 2 1
app/internal/repository/customer_mysql.go:59.16,61.3 1 0
app/internal/repository/customer_mysql.go:63.2,65.8 3 1
app/internal/repository/customer_mysql.go:69.80,71.29 1 1
app/internal/repository/customer_mysql.go:71.29,77.17 3 1
app/internal/repository/customer_mysql.go:77.17,79.4 1 0
app/internal/repository/customer_mysql.go:82.2,82.8 1 1
app/internal/repository/customer_mysql.go:85.89,97.16 2 1
app/internal/repository/customer_mysql.go:97.16,99.3 1 0
app/internal/repository/customer_mysql.go:100.2,102.18 2 1
app/internal/repository/customer_mysql.go:102.18,105.17 3 1
app/internal/repository/customer_mysql.go:105.17,107.4 1 0
app/internal/repository/customer_mysql.go:108.3,108.31 1 1
app/internal/repository/customer_mysql.go:110.2,111.8 2 1
app/internal/repository/customer_mysql.go:115.89,124.16 2 1
app/internal/repository/customer_mysql.go:124.16,126.3 1 0
app/internal/repository/customer_mysql.go:127.2,129.18 2 1
app/internal/repository/customer_mysql.go:129.18,132.17 3 1
app/internal/repository/customer_mysql.go:132.17,134.4 1 0
app/internal/repository/customer_mysql.go:135.3,135.33 1 1
app/internal/repository/customer_mysql.go:137.2,138.8 2 1
app/internal/repository/invoice_mysql.go:9.50,11.2 1 0
app/internal/repository/invoice_mysql.go:20.67,23.16 2 0
app/internal/repository/invoice_mysql.go:23.16,25.3 1 0
app/internal/repository/invoice_mysql.go:26.2,29.18 2 0
app/internal/repository/invoice_mysql.go:29.18,33.17 3 0
app/internal/repository/invoice_mysql.go:33.17,35.4 1 0
app/internal/repository/invoice_mysql.go:37.3,37.20 1 0
app/internal/repository/invoice_mysql.go:39.2,40.16 2 0
app/internal/repository/invoice_mysql.go:40.16,42.3 1 0
app/internal/repository/invoice_mysql.go:44.2,44.8 1 0
app/internal/repository/invoice_mysql.go:48.61,54.16 2 0
app/internal/repository/invoice_mysql.go:54.16,56.3 1 0
app/internal/repository/invoice_mysql.go:59.2,60.16 2 0
app/internal/repository/invoice_mysql.go:60.16,62.3 1 0
app/internal/repository/invoice_mysql.go:65.2,67.8 2 0
app/internal/repository/invoice_mysql.go:71.78,73.28 1 0
app/internal/repository/invoice_mysql.go:73.28,78.17 3 0
app/internal/repository/invoice_mysql.go:78.17,80.4 1 0
app/internal/repository/invoice_mysql.go:83.2,83.8 1 0
app/internal/repository/invoice_mysql.go:86.106,96.16 2 0
app/internal/repository/invoice_mysql.go:96.16,98.3 1 0
app/internal/repository/invoice_mysql.go:99.2,101.18 2 0
app/internal/repository/invoice_mysql.go:101.18,104.17 3 0
app/internal/repository/invoice_mysql.go:104.17,106.4 1 0
app/internal/repository/invoice_mysql.go:107.3,107.31 1 0
app/internal/repository/invoice_mysql.go:109.2,110.8 2 0
app/internal/repository/invoice_mysql.go:113.85,115.25 1 0
app/internal/repository/invoice_mysql.go:115.25,119.17 3 0
app/internal/repository/invoice_mysql.go:119.17,121.4 1 0
app/internal/repository/invoice_mysql.go:123.2,123.8 1 0
app/internal/repository/product_mysql.go:9.50,11.2 1 0
app/internal/repository/product_mysql.go:20.67,23.16 2 0
app/internal/repository/product_mysql.go:23.16,25.3 1 0
app/internal/repository/product_mysql.go:26.2,29.18 2 0
app/internal/repository/product_mysql.go:29.18,33.17 3 0
app/internal/repository/product_mysql.go:33.17,35.4 1 0
app/internal/repository/product_mysql.go:37.3,37.20 1 0
app/internal/repository/product_mysql.go:39.2,40.16 2 0
app/internal/repository/product_mysql.go:40.16,42.3 1 0
app/internal/repository/product_mysql.go:44.2,44.8 1 0
app/internal/repository/product_mysql.go:48.61,54.16 2 0
app/internal/repository/product_mysql.go:54.16,56.3 1 0
app/internal/repository/product_mysql.go:59.2,60.16 2 0
app/internal/repository/product_mysql.go:60.16,62.3 1 0
app/internal/repository/product_mysql.go:65.2,67.8 2 0
app/internal/repository/product_mysql.go:71.78,73.22 1 0
app/internal/repository/product_mysql.go:73.22,80.17 3 0
app/internal/repository/product_mysql.go:80.17,82.4 1 0
app/internal/repository/product_mysql.go:85.2,85.8 1 0
app/internal/repository/sale_mysql.go:9.44,11.2 1 0
app/internal/repository/sale_mysql.go:20.61,23.16 2 0
app/internal/repository/sale_mysql.go:23.16,25.3 1 0
app/internal/repository/sale_mysql.go:26.2,29.18 2 0
app/internal/repository/sale_mysql.go:29.18,33.17 3 0
app/internal/repository/sale_mysql.go:33.17,35.4 1 0
app/internal/repository/sale_mysql.go:37.3,37.20 1 0
app/internal/repository/sale_mysql.go:39.2,40.16 2 0
app/internal/repository/sale_mysql.go:40.16,42.3 1 0
app/internal/repository/sale_mysql.go:44.2,44.8 1 0
app/internal/repository/sale_mysql.go:48.55,54.16 2 0
app/internal/repository/sale_mysql.go:54.16,56.3 1 0
app/internal/repository/sale_mysql.go:59.2,60.16 2 0
app/internal/repository/sale_mysql.go:60.16,62.3 1 0
app/internal/repository/sale_mysql.go:65.2,67.8 2 0
app/internal/repository/sale_mysql.go:71.72,73.22 1 0
app/internal/repository/sale_mysql.go:73.22,80.17 3 0
app/internal/repository/sale_mysql.go:80.17,82.4 1 0
app/internal/repository/sale_mysql.go:85.2,85.8 1 0
app/internal/repository/sale_mysql.go:88.87,96.16 2 0
app/internal/repository/sale_mysql.go:96.16,98.3 1 0
app/internal/repository/sale_mysql.go:100.2,102.18 2 0
app/internal/repository/sale_mysql.go:102.18,106.17 3 0
app/internal/repository/sale_mysql.go:106.17,108.4 1 0
app/internal/repository/sale_mysql.go:110.3,110.20 1 0
app/internal/repository/sale_mysql.go:113.2,114.16 2 0
app/internal/repository/sale_mysql.go:114.16,116.3 1 0
app/internal/repository/sale_mysql.go:118.2,118.8 1 0
